<?xml version="1.0" encoding="UTF-8"?>
<!-- Generated by org.testng.reporters.JUnitXMLReporter -->
<testsuite ignored="1" hostname="pok3r-PC" failures="0" tests="2" name="Test" time="0.043" errors="0" timestamp="2019-10-25T08:48:38 IST">
  <testcase classname="sachinTest.runTest" name="end" time="0.007"/>
  <testcase classname="sachinTest.runTest" name="start" time="0.0"/>
  <testcase classname="sachinTest.runTest" name="mid" time="0.0">
    <ignored/>
  </testcase> <!-- mid -->
</testsuite> <!-- Test -->
