<?xml version="1.0" encoding="UTF-8"?>
<testng-results ignored="1" total="3" passed="2" failed="0" skipped="0">
  <reporter-output>
  </reporter-output>
  <suite started-at="2019-10-25T08:48:38 IST" name="Suite" finished-at="2019-10-25T08:48:38 IST" duration-ms="43">
    <groups>
    </groups>
    <test started-at="2019-10-25T08:48:38 IST" name="Test" finished-at="2019-10-25T08:48:38 IST" duration-ms="43">
      <class name="sachinTest.runTest">
        <test-method signature="end()[pri:0, instance:sachinTest.runTest@31206beb]" started-at="2019-10-25T08:48:38 IST" name="end" finished-at="2019-10-25T08:48:38 IST" duration-ms="7" status="PASS">
          <reporter-output>
          </reporter-output>
        </test-method> <!-- end -->
        <test-method signature="start()[pri:0, instance:sachinTest.runTest@31206beb]" started-at="2019-10-25T08:48:38 IST" name="start" finished-at="2019-10-25T08:48:38 IST" duration-ms="0" status="PASS">
          <reporter-output>
          </reporter-output>
        </test-method> <!-- start -->
      </class> <!-- sachinTest.runTest -->
    </test> <!-- Test -->
  </suite> <!-- Suite -->
</testng-results>
